\BOOKMARK [0][-]{chapter.1}{\376\377\000F\000u\000n\000d\000a\000m\000e\000n\000t\000o\000s\000\040\000M\000a\000t\000e\000m\000a\000t\000i\000c\000o\000s\000\040\000e\000\040\000T\000e\000o\000r\000i\000c\000o\000s\000\040\000d\000o\000\040\000A\000p\000r\000e\000n\000d\000i\000z\000a\000d\000o}{}% 1
\BOOKMARK [1][-]{section.1.1}{\376\377\000O\000\040\000P\000r\000o\000b\000l\000e\000m\000a\000\040\000F\000u\000n\000d\000a\000m\000e\000n\000t\000a\000l\000\040\000d\000o\000\040\000A\000p\000r\000e\000n\000d\000i\000z\000a\000d\000o}{chapter.1}% 2
\BOOKMARK [2][-]{subsection.1.1.1}{\376\377\000E\000s\000p\000a\000c\000o\000\040\000d\000e\000\040\000H\000i\000p\000o\000t\000e\000s\000e\000s\000\040\000e\000\040\000C\000a\000p\000a\000c\000i\000d\000a\000d\000e}{section.1.1}% 3
\BOOKMARK [1][-]{section.1.2}{\376\377\000D\000e\000d\000u\000c\000a\000o\000\040\000D\000e\000t\000a\000l\000h\000a\000d\000a\000\040\000d\000a\000\040\000F\000u\000n\000c\000a\000o\000\040\000d\000e\000\040\000C\000u\000s\000t\000o}{chapter.1}% 4
\BOOKMARK [2][-]{subsection.1.2.1}{\376\377\000M\000e\000a\000n\000\040\000S\000q\000u\000a\000r\000e\000d\000\040\000E\000r\000r\000o\000r\000\040\000\050\000M\000S\000E\000\051}{section.1.2}% 5
\BOOKMARK [2][-]{subsection.1.2.2}{\376\377\000C\000r\000o\000s\000s\000-\000E\000n\000t\000r\000o\000p\000y\000\040\000p\000a\000r\000a\000\040\000C\000l\000a\000s\000s\000i\000f\000i\000c\000a\000c\000a\000o}{section.1.2}% 6
\BOOKMARK [1][-]{section.1.3}{\376\377\000O\000t\000i\000m\000i\000z\000a\000c\000a\000o\000\040\000e\000\040\000G\000r\000a\000d\000i\000e\000n\000t\000e\000\040\000D\000e\000s\000c\000e\000n\000d\000e\000n\000t\000e}{chapter.1}% 7
\BOOKMARK [2][-]{subsection.1.3.1}{\376\377\000D\000e\000d\000u\000c\000a\000o\000\040\000d\000o\000\040\000G\000r\000a\000d\000i\000e\000n\000t\000e}{section.1.3}% 8
\BOOKMARK [2][-]{subsection.1.3.2}{\376\377\000A\000n\000a\000l\000i\000s\000e\000\040\000d\000e\000\040\000C\000o\000n\000v\000e\000r\000g\000e\000n\000c\000i\000a}{section.1.3}% 9
\BOOKMARK [1][-]{section.1.4}{\376\377\000R\000e\000g\000r\000a\000\040\000d\000a\000\040\000C\000a\000d\000e\000i\000a\000\040\000V\000e\000t\000o\000r\000i\000a\000l\000\040\000e\000\040\000J\000a\000c\000o\000b\000i\000a\000n\000o\000s}{chapter.1}% 10
\BOOKMARK [2][-]{subsection.1.4.1}{\376\377\000D\000i\000f\000e\000r\000e\000n\000c\000a\000\040\000e\000n\000t\000r\000e\000\040\000G\000r\000a\000d\000i\000e\000n\000t\000e\000\040\000e\000\040\000J\000a\000c\000o\000b\000i\000a\000n\000o}{section.1.4}% 11
\BOOKMARK [0][-]{chapter.2}{\376\377\000I\000m\000p\000l\000e\000m\000e\000n\000t\000a\000c\000a\000o\000\040\000B\000a\000s\000e\000\040\000e\000m\000\040\000C\000:\000\040\000E\000s\000t\000r\000u\000t\000u\000r\000a\000s\000\040\000e\000\040\000G\000e\000r\000e\000n\000c\000i\000a\000m\000e\000n\000t\000o\000\040\000d\000e\000\040\000M\000e\000m\000o\000r\000i\000a}{}% 12
\BOOKMARK [1][-]{section.2.1}{\376\377\000G\000e\000r\000e\000n\000c\000i\000a\000m\000e\000n\000t\000o\000\040\000d\000e\000\040\000M\000e\000m\000o\000r\000i\000a\000\040\000p\000a\000r\000a\000\040\000T\000e\000n\000s\000o\000r\000e\000s}{chapter.2}% 13
\BOOKMARK [1][-]{section.2.2}{\376\377\000F\000u\000n\000c\000o\000e\000s\000\040\000d\000e\000\040\000C\000r\000i\000a\000c\000a\000o\000\040\000e\000\040\000D\000e\000s\000t\000r\000u\000i\000c\000a\000o}{chapter.2}% 14
\BOOKMARK [1][-]{section.2.3}{\376\377\000O\000p\000e\000r\000a\000c\000o\000e\000s\000\040\000B\000a\000s\000i\000c\000a\000s\000\040\000O\000t\000i\000m\000i\000z\000a\000d\000a\000s}{chapter.2}% 15
\BOOKMARK [1][-]{section.2.4}{\376\377\000P\000r\000o\000d\000u\000t\000o\000\040\000M\000a\000t\000r\000i\000c\000i\000a\000l\000\040\000O\000t\000i\000m\000i\000z\000a\000d\000o}{chapter.2}% 16
\BOOKMARK [1][-]{section.2.5}{\376\377\000E\000s\000t\000r\000a\000t\000e\000g\000i\000a\000s\000\040\000d\000e\000\040\000O\000t\000i\000m\000i\000z\000a\000c\000a\000o\000\040\000d\000e\000\040\000M\000e\000m\000o\000r\000i\000a}{chapter.2}% 17
\BOOKMARK [2][-]{subsection.2.5.1}{\376\377\000P\000o\000o\000l\000i\000n\000g\000\040\000d\000e\000\040\000A\000l\000o\000c\000a\000c\000a\000o}{section.2.5}% 18
\BOOKMARK [0][-]{chapter.3}{\376\377\000R\000e\000d\000e\000\040\000N\000e\000u\000r\000a\000l\000:\000\040\000M\000a\000t\000e\000m\000a\000t\000i\000c\000a\000\040\000e\000\040\000I\000m\000p\000l\000e\000m\000e\000n\000t\000a\000c\000a\000o\000\040\000D\000e\000t\000a\000l\000h\000a\000d\000a}{}% 19
\BOOKMARK [1][-]{section.3.1}{\376\377\000A\000r\000q\000u\000i\000t\000e\000t\000u\000r\000a\000\040\000d\000e\000\040\000u\000m\000a\000\040\000R\000e\000d\000e\000\040\000N\000e\000u\000r\000a\000l}{chapter.3}% 20
\BOOKMARK [2][-]{subsection.3.1.1}{\376\377\000N\000e\000u\000r\000o\000n\000i\000o\000\040\000A\000r\000t\000i\000f\000i\000c\000i\000a\000l\000:\000\040\000M\000o\000d\000e\000l\000o\000\040\000M\000a\000t\000e\000m\000a\000t\000i\000c\000o}{section.3.1}% 21
\BOOKMARK [1][-]{section.3.2}{\376\377\000B\000a\000c\000k\000p\000r\000o\000p\000a\000g\000a\000t\000i\000o\000n\000:\000\040\000D\000e\000d\000u\000c\000a\000o\000\040\000P\000a\000s\000s\000o\000\040\000a\000\040\000P\000a\000s\000s\000o}{chapter.3}% 22
\BOOKMARK [2][-]{subsection.3.2.1}{\376\377\000C\000a\000s\000o\000\040\000S\000i\000m\000p\000l\000e\000s\000:\000\040\0002\000\040\000C\000a\000m\000a\000d\000a\000s}{section.3.2}% 23
\BOOKMARK [2][-]{subsection.3.2.2}{\376\377\000I\000m\000p\000l\000e\000m\000e\000n\000t\000a\000c\000a\000o\000\040\000C\000o\000m\000p\000l\000e\000t\000a\000\040\000d\000o\000\040\000B\000a\000c\000k\000p\000r\000o\000p}{section.3.2}% 24
\BOOKMARK [1][-]{section.3.3}{\376\377\000I\000n\000i\000c\000i\000a\000l\000i\000z\000a\000c\000a\000o\000\040\000d\000e\000\040\000P\000e\000s\000o\000s}{chapter.3}% 25
\BOOKMARK [2][-]{subsection.3.3.1}{\376\377\000X\000a\000v\000i\000e\000r\000/\000G\000l\000o\000r\000o\000t\000\040\000I\000n\000i\000t\000i\000a\000l\000i\000z\000a\000t\000i\000o\000n}{section.3.3}% 26
\BOOKMARK [2][-]{subsection.3.3.2}{\376\377\000H\000e\000\040\000I\000n\000i\000t\000i\000a\000l\000i\000z\000a\000t\000i\000o\000n}{section.3.3}% 27
\BOOKMARK [0][-]{chapter.4}{\376\377\000S\000i\000s\000t\000e\000m\000a\000\040\000d\000e\000\040\000A\000u\000t\000o\000g\000r\000a\000d\000\040\000C\000o\000m\000p\000l\000e\000t\000o}{}% 28
\BOOKMARK [1][-]{section.4.1}{\376\377\000A\000r\000q\000u\000i\000t\000e\000t\000u\000r\000a\000\040\000d\000o\000\040\000G\000r\000a\000f\000o\000\040\000C\000o\000m\000p\000u\000t\000a\000c\000i\000o\000n\000a\000l}{chapter.4}% 29
\BOOKMARK [1][-]{section.4.2}{\376\377\000I\000m\000p\000l\000e\000m\000e\000n\000t\000a\000c\000a\000o\000\040\000d\000e\000\040\000O\000p\000e\000r\000a\000c\000o\000e\000s\000\040\000c\000o\000m\000\040\000G\000r\000a\000f\000o}{chapter.4}% 30
\BOOKMARK [1][-]{section.4.3}{\376\377\000T\000o\000p\000o\000l\000o\000g\000i\000c\000a\000l\000\040\000S\000o\000r\000t\000\040\000e\000\040\000P\000r\000o\000p\000a\000g\000a\000c\000a\000o\000\040\000R\000e\000v\000e\000r\000s\000a}{chapter.4}% 31
\BOOKMARK [0][-]{chapter.5}{\376\377\000C\000a\000m\000a\000d\000a\000s\000\040\000A\000v\000a\000n\000c\000a\000d\000a\000s\000\040\000e\000\040\000F\000u\000n\000c\000o\000e\000s\000\040\000d\000e\000\040\000A\000t\000i\000v\000a\000c\000a\000o}{}% 32
\BOOKMARK [1][-]{section.5.1}{\376\377\000C\000a\000m\000a\000d\000a\000\040\000L\000i\000n\000e\000a\000r\000\040\000\050\000F\000u\000l\000l\000y\000\040\000C\000o\000n\000n\000e\000c\000t\000e\000d\000\051}{chapter.5}% 33
\BOOKMARK [1][-]{section.5.2}{\376\377\000F\000u\000n\000c\000o\000e\000s\000\040\000d\000e\000\040\000A\000t\000i\000v\000a\000c\000a\000o\000\040\000c\000o\000m\000\040\000A\000u\000t\000o\000g\000r\000a\000d}{chapter.5}% 34
\BOOKMARK [2][-]{subsection.5.2.1}{\376\377\000R\000e\000L\000U\000\040\000e\000\040\000L\000e\000a\000k\000y\000\040\000R\000e\000L\000U}{section.5.2}% 35
\BOOKMARK [2][-]{subsection.5.2.2}{\376\377\000S\000o\000f\000t\000m\000a\000x\000\040\000E\000s\000t\000a\000v\000e\000l\000\040\000N\000u\000m\000e\000r\000i\000c\000a\000m\000e\000n\000t\000e}{section.5.2}% 36
\BOOKMARK [0][-]{chapter.6}{\376\377\000R\000e\000d\000e\000s\000\040\000C\000o\000n\000v\000o\000l\000u\000c\000i\000o\000n\000a\000i\000s\000:\000\040\000I\000m\000p\000l\000e\000m\000e\000n\000t\000a\000c\000a\000o\000\040\000P\000r\000o\000f\000u\000n\000d\000a}{}% 37
\BOOKMARK [1][-]{section.6.1}{\376\377\000F\000u\000n\000d\000a\000m\000e\000n\000t\000o\000s\000\040\000d\000a\000\040\000C\000o\000n\000v\000o\000l\000u\000c\000a\000o\000\040\000D\000i\000s\000c\000r\000e\000t\000a}{chapter.6}% 38
\BOOKMARK [2][-]{subsection.6.1.1}{\376\377\000I\000m\000p\000l\000e\000m\000e\000n\000t\000a\000c\000a\000o\000\040\000I\000n\000g\000\352\000n\000u\000a\000\040\000v\000s\000\040\000O\000t\000i\000m\000i\000z\000a\000d\000a}{section.6.1}% 39
\BOOKMARK [1][-]{section.6.2}{\376\377\000B\000a\000c\000k\000p\000r\000o\000p\000a\000g\000a\000t\000i\000o\000n\000\040\000e\000m\000\040\000C\000o\000n\000v\000o\000l\000u\000c\000a\000o}{chapter.6}% 40
\BOOKMARK [1][-]{section.6.3}{\376\377\000O\000t\000i\000m\000i\000z\000a\000c\000o\000e\000s\000:\000\040\000I\000m\0002\000C\000o\000l\000\040\000e\000\040\000G\000E\000M\000M}{chapter.6}% 41
\BOOKMARK [0][-]{chapter.7}{\376\377\000O\000t\000i\000m\000i\000z\000a\000d\000o\000r\000e\000s\000:\000\040\000T\000e\000o\000r\000i\000a\000\040\000e\000\040\000I\000m\000p\000l\000e\000m\000e\000n\000t\000a\000c\000a\000o}{}% 42
\BOOKMARK [1][-]{section.7.1}{\376\377\000S\000t\000o\000c\000h\000a\000s\000t\000i\000c\000\040\000G\000r\000a\000d\000i\000e\000n\000t\000\040\000D\000e\000s\000c\000e\000n\000t\000\040\000\050\000S\000G\000D\000\051}{chapter.7}% 43
\BOOKMARK [2][-]{subsection.7.1.1}{\376\377\000C\000o\000m\000\040\000e\000\040\000s\000e\000m\000\040\000M\000o\000m\000e\000n\000t\000u\000m}{section.7.1}% 44
\BOOKMARK [1][-]{section.7.2}{\376\377\000A\000d\000a\000m\000:\000\040\000A\000d\000a\000p\000t\000i\000v\000e\000\040\000M\000o\000m\000e\000n\000t\000\040\000E\000s\000t\000i\000m\000a\000t\000i\000o\000n}{chapter.7}% 45
\BOOKMARK [0][-]{chapter.8}{\376\377\000T\000r\000e\000i\000n\000a\000m\000e\000n\000t\000o\000\040\000e\000\040\000V\000a\000l\000i\000d\000a\000c\000a\000o}{}% 46
\BOOKMARK [1][-]{section.8.1}{\376\377\000D\000a\000t\000a\000L\000o\000a\000d\000e\000r\000\040\000e\000\040\000B\000a\000t\000c\000h\000i\000n\000g}{chapter.8}% 47
\BOOKMARK [1][-]{section.8.2}{\376\377\000L\000o\000o\000p\000\040\000d\000e\000\040\000T\000r\000e\000i\000n\000a\000m\000e\000n\000t\000o\000\040\000C\000o\000m\000p\000l\000e\000t\000o}{chapter.8}% 48
\BOOKMARK [0][-]{chapter.9}{\376\377\000S\000e\000r\000i\000a\000l\000i\000z\000a\000c\000a\000o\000\040\000e\000\040\000P\000e\000r\000s\000i\000s\000t\000e\000n\000c\000i\000a\000\040\000d\000e\000\040\000M\000o\000d\000e\000l\000o\000s}{}% 49
\BOOKMARK [1][-]{section.9.1}{\376\377\000S\000a\000l\000v\000a\000n\000d\000o\000\040\000e\000\040\000C\000a\000r\000r\000e\000g\000a\000n\000d\000o\000\040\000M\000o\000d\000e\000l\000o\000s}{chapter.9}% 50
\BOOKMARK [0][-]{chapter.10}{\376\377\000E\000s\000t\000u\000d\000o\000s\000\040\000d\000e\000\040\000C\000a\000s\000o\000\040\000e\000\040\000P\000r\000o\000j\000e\000t\000o\000s\000\040\000P\000r\000a\000t\000i\000c\000o\000s}{}% 51
\BOOKMARK [1][-]{section.10.1}{\376\377\000E\000x\000e\000m\000p\000l\000o\000\040\0001\000:\000\040\000M\000N\000I\000S\000T\000\040\000d\000o\000\040\000Z\000e\000r\000o}{chapter.10}% 52
\BOOKMARK [1][-]{section.10.2}{\376\377\000E\000x\000e\000m\000p\000l\000o\000\040\0002\000:\000\040\000C\000N\000N\000\040\000p\000a\000r\000a\000\040\000C\000I\000F\000A\000R\000-\0001\0000}{chapter.10}% 53
\BOOKMARK [0][-]{chapter.11}{\376\377\000O\000t\000i\000m\000i\000z\000a\000c\000o\000e\000s\000\040\000A\000v\000a\000n\000c\000a\000d\000a\000s\000\040\000e\000\040\000P\000e\000r\000f\000o\000r\000m\000a\000n\000c\000e}{}% 54
\BOOKMARK [1][-]{section.11.1}{\376\377\000B\000L\000A\000S\000-\000L\000e\000v\000e\000l\000\040\000O\000p\000t\000i\000m\000i\000z\000a\000t\000i\000o\000n\000s}{chapter.11}% 55
\BOOKMARK [2][-]{subsection.11.1.1}{\376\377\000T\000i\000l\000i\000n\000g\000\040\000p\000a\000r\000a\000\040\000C\000a\000c\000h\000e\000\040\000L\0001\000/\000L\0002}{section.11.1}% 56
\BOOKMARK [2][-]{subsection.11.1.2}{\376\377\000S\000I\000M\000D\000\040\000I\000n\000t\000r\000i\000n\000s\000i\000c\000s}{section.11.1}% 57
\BOOKMARK [1][-]{section.11.2}{\376\377\000P\000a\000r\000a\000l\000l\000e\000l\000i\000s\000m\000\040\000w\000i\000t\000h\000\040\000O\000p\000e\000n\000M\000P}{chapter.11}% 58
\BOOKMARK [0][-]{chapter.12}{\376\377\000P\000r\000o\000x\000i\000m\000o\000s\000\040\000P\000a\000s\000s\000o\000s\000:\000\040\000A\000l\000e\000m\000\040\000d\000o\000\040\000F\000r\000a\000m\000e\000w\000o\000r\000k}{}% 59
\BOOKMARK [1][-]{section.12.1}{\376\377\000S\000u\000p\000o\000r\000t\000e\000\040\000a\000\040\000G\000P\000U\000\040\000c\000o\000m\000\040\000C\000U\000D\000A}{chapter.12}% 60
\BOOKMARK [1][-]{section.12.2}{\376\377\000I\000m\000p\000l\000e\000m\000e\000n\000t\000a\000c\000a\000o\000\040\000d\000e\000\040\000T\000r\000a\000n\000s\000f\000o\000r\000m\000e\000r\000s}{chapter.12}% 61
\BOOKMARK [1][-]{section.12.3}{\376\377\000M\000i\000x\000e\000d\000\040\000P\000r\000e\000c\000i\000s\000i\000o\000n\000\040\000T\000r\000a\000i\000n\000i\000n\000g}{chapter.12}% 62
